Android Project/app/build/intermediates/manifest_merge_blame_file/debug/manifest-merger-blame-debug-report.txt
1<?xml version="1.0" encoding="utf-8"?>
2<manifest xmlns:android="http://schemas.android.com/apk/res/android"
3    package="com.example.multiroomlocalization"
4    android:versionCode="1"
5    android:versionName="1.0" >
6
7    <uses-sdk
8        android:minSdkVersion="26"
8-->src/main/AndroidManifest.xml
9        android:targetSdkVersion="33" />
9-->src/main/AndroidManifest.xml
10
11    <uses-permission android:name="android.permission.FOREGROUND_SERVICE" />
11-->src/main/AndroidManifest.xml:5:5-77
11-->src/main/AndroidManifest.xml:5:22-74
12    <uses-permission android:name="android.permission.CHANGE_WIFI_STATE" />
12-->src/main/AndroidManifest.xml:6:5-76
12-->src/main/AndroidManifest.xml:6:22-73
13    <uses-permission android:name="android.permission.ACCESS_WIFI_STATE" /> <!-- Request legacy Bluetooth permissions on older devices. -->
13-->src/main/AndroidManifest.xml:7:5-76
13-->src/main/AndroidManifest.xml:7:22-73
14    <uses-permission android:name="android.permission.ACCESS_NOTIFICATION_POLICY" />
14-->src/main/AndroidManifest.xml:8:5-85
14-->src/main/AndroidManifest.xml:8:22-82
15    <uses-permission android:name="android.permission.WRITE_EXTERNAL_STORAGE" />
15-->src/main/AndroidManifest.xml:9:5-11:32
15-->src/main/AndroidManifest.xml:10:9-65
16    <uses-permission android:name="android.permission.READ_EXTERNAL_STORAGE" /> <!-- Request legacy Bluetooth permissions on older devices. -->
16-->src/main/AndroidManifest.xml:12:5-80
16-->src/main/AndroidManifest.xml:12:22-77
17    <uses-permission android:name="android.permission.BLUETOOTH" />
17-->src/main/AndroidManifest.xml:13:5-68
17-->src/main/AndroidManifest.xml:13:22-65
18    <uses-permission android:name="android.permission.BLUETOOTH_ADMIN" />
18-->src/main/AndroidManifest.xml:14:5-74
18-->src/main/AndroidManifest.xml:14:22-71
19    <uses-permission android:name="android.permission.ACCESS_COARSE_LOCATION" />
19-->src/main/AndroidManifest.xml:15:5-81
19-->src/main/AndroidManifest.xml:15:22-78
20    <uses-permission android:name="android.permission.ACCESS_FINE_LOCATION" />
20-->src/main/AndroidManifest.xml:16:5-79
20-->src/main/AndroidManifest.xml:16:22-76
21    <uses-permission android:name="android.permission.ACCESS_BACKGROUND_LOCATION" /> <!-- Request legacy Bluetooth permissions on newer(31+) devices. -->
21-->src/main/AndroidManifest.xml:17:5-85
21-->src/main/AndroidManifest.xml:17:22-82
22    <uses-permission
22-->src/main/AndroidManifest.xml:18:5-21:31
23        android:name="android.permission.BLUETOOTH_SCAN"
23-->src/main/AndroidManifest.xml:19:9-57
24        android:usesPermissionFlags="neverForLocation" />
24-->src/main/AndroidManifest.xml:20:9-55
25    <uses-permission android:name="android.permission.BLUETOOTH_CONNECT" /> <!-- Since Bluetooth is a basic requirement for our app -->
25-->src/main/AndroidManifest.xml:22:5-76
25-->src/main/AndroidManifest.xml:22:22-73
26    <uses-feature
26-->src/main/AndroidManifest.xml:23:5-25:35
27        android:name="android.hardware.bluetooth"
27-->src/main/AndroidManifest.xml:24:9-50
28        android:required="true" />
28-->src/main/AndroidManifest.xml:25:9-32
29
30    <uses-permission android:name="android.permission.INTERNET" />
30-->src/main/AndroidManifest.xml:27:5-67
30-->src/main/AndroidManifest.xml:27:22-64
31    <uses-permission android:name="android.permission.ACCESS_NETWORK_STATE" />
31-->src/main/AndroidManifest.xml:28:5-79
31-->src/main/AndroidManifest.xml:28:22-76
32    <uses-permission android:name="android.permission.READ_PHONE_STATE" />
32-->src/main/AndroidManifest.xml:29:5-75
32-->src/main/AndroidManifest.xml:29:22-72
33
34    <queries>
34-->[com.vanniktech:android-image-cropper:4.5.0] AndroidManifest.xml:9:5-20:15
35        <intent>
35-->[com.vanniktech:android-image-cropper:4.5.0] AndroidManifest.xml:10:9-16:18
36            <action android:name="android.intent.action.GET_CONTENT" />
36-->[com.vanniktech:android-image-cropper:4.5.0] AndroidManifest.xml:11:13-72
36-->[com.vanniktech:android-image-cropper:4.5.0] AndroidManifest.xml:11:21-69
37
38            <category android:name="android.intent.category.OPENABLE" />
38-->[com.vanniktech:android-image-cropper:4.5.0] AndroidManifest.xml:13:13-73
38-->[com.vanniktech:android-image-cropper:4.5.0] AndroidManifest.xml:13:23-70
39
40            <data android:mimeType="*/*" />
40-->[com.vanniktech:android-image-cropper:4.5.0] AndroidManifest.xml:15:13-44
40-->[com.vanniktech:android-image-cropper:4.5.0] AndroidManifest.xml:15:19-41
41        </intent>
42        <intent>
42-->[com.vanniktech:android-image-cropper:4.5.0] AndroidManifest.xml:17:9-19:18
43            <action android:name="android.media.action.IMAGE_CAPTURE" />
43-->[com.vanniktech:android-image-cropper:4.5.0] AndroidManifest.xml:18:13-73
43-->[com.vanniktech:android-image-cropper:4.5.0] AndroidManifest.xml:18:21-70
44        </intent>
45    </queries>
46
47    <permission
47-->[androidx.core:core:1.9.0] AndroidManifest.xml:22:5-24:47
48        android:name="com.example.multiroomlocalization.DYNAMIC_RECEIVER_NOT_EXPORTED_PERMISSION"
48-->[androidx.core:core:1.9.0] AndroidManifest.xml:23:9-81
49        android:protectionLevel="signature" />
49-->[androidx.core:core:1.9.0] AndroidManifest.xml:24:9-44
50
51    <uses-permission android:name="com.example.multiroomlocalization.DYNAMIC_RECEIVER_NOT_EXPORTED_PERMISSION" />
51-->[androidx.core:core:1.9.0] AndroidManifest.xml:26:5-97
51-->[androidx.core:core:1.9.0] AndroidManifest.xml:26:22-94
52
53    <application
53-->src/main/AndroidManifest.xml:31:5-101:19
54        android:allowBackup="true"
54-->src/main/AndroidManifest.xml:32:9-35
55        android:appComponentFactory="androidx.core.app.CoreComponentFactory"
55-->[androidx.core:core:1.9.0] AndroidManifest.xml:28:18-86
56        android:dataExtractionRules="@xml/data_extraction_rules"
56-->src/main/AndroidManifest.xml:33:9-65
57        android:debuggable="true"
58        android:extractNativeLibs="false"
59        android:fullBackupContent="@xml/backup_rules"
59-->src/main/AndroidManifest.xml:34:9-54
60        android:icon="@mipmap/ic_launcher"
60-->src/main/AndroidManifest.xml:35:9-43
61        android:label="@string/app_name"
61-->src/main/AndroidManifest.xml:36:9-41
62        android:roundIcon="@mipmap/ic_launcher_round"
62-->src/main/AndroidManifest.xml:37:9-54
63        android:supportsRtl="true"
63-->src/main/AndroidManifest.xml:38:9-35
64        android:theme="@style/Theme.MultiRoomLocalization" >
64-->src/main/AndroidManifest.xml:39:9-59
65        <activity
65-->src/main/AndroidManifest.xml:42:9-50:20
66            android:name="com.example.multiroomlocalization.LoginActivity"
66-->src/main/AndroidManifest.xml:43:13-42
67            android:exported="true" >
67-->src/main/AndroidManifest.xml:44:13-36
68            <intent-filter>
68-->src/main/AndroidManifest.xml:45:13-49:29
69                <action android:name="android.intent.action.MAIN" />
69-->src/main/AndroidManifest.xml:46:17-69
69-->src/main/AndroidManifest.xml:46:25-66
70
71                <category android:name="android.intent.category.LAUNCHER" />
71-->src/main/AndroidManifest.xml:48:17-77
71-->src/main/AndroidManifest.xml:48:27-74
72            </intent-filter>
73        </activity>
74
75        <receiver
75-->src/main/AndroidManifest.xml:52:9-58:20
76            android:name="androidx.media.session.MediaButtonReceiver"
76-->src/main/AndroidManifest.xml:53:13-70
77            android:exported="true" >
77-->src/main/AndroidManifest.xml:54:13-36
78            <intent-filter>
78-->src/main/AndroidManifest.xml:55:13-57:29
79                <action android:name="android.intent.action.MEDIA_BUTTON" />
79-->src/main/AndroidManifest.xml:56:17-77
79-->src/main/AndroidManifest.xml:56:25-74
80            </intent-filter>
81        </receiver>
82
83        <service
83-->src/main/AndroidManifest.xml:60:9-68:19
84            android:name="com.example.multiroomlocalization.Music.AudioPlaybackService"
84-->src/main/AndroidManifest.xml:61:13-55
85            android:enabled="true"
85-->src/main/AndroidManifest.xml:62:13-35
86            android:exported="true" >
86-->src/main/AndroidManifest.xml:63:13-36
87            <intent-filter>
87-->src/main/AndroidManifest.xml:64:13-67:29
88                <action android:name="android.media.browse.MediaBrowserService" />
88-->src/main/AndroidManifest.xml:65:17-83
88-->src/main/AndroidManifest.xml:65:25-80
89                <action android:name="android.intent.action.MEDIA_BUTTON" />
89-->src/main/AndroidManifest.xml:56:17-77
89-->src/main/AndroidManifest.xml:56:25-74
90            </intent-filter>
91        </service>
92        <service
92-->src/main/AndroidManifest.xml:69:9-74:19
93            android:name="com.example.multiroomlocalization.Bluetooth.ScanBluetoothService"
93-->src/main/AndroidManifest.xml:70:13-59
94            android:enabled="true"
94-->src/main/AndroidManifest.xml:71:13-35
95            android:exported="false" >
95-->src/main/AndroidManifest.xml:72:13-37
96        </service>
97
98        <activity
98-->src/main/AndroidManifest.xml:76:9-93:20
99            android:name="com.example.multiroomlocalization.MainActivity"
99-->src/main/AndroidManifest.xml:77:13-41
100            android:exported="true"
100-->src/main/AndroidManifest.xml:78:13-36
101            android:label="@string/app_name"
101-->src/main/AndroidManifest.xml:79:13-45
102            android:screenOrientation="portrait" >
102-->src/main/AndroidManifest.xml:80:13-49
103
104            <!--
105            <intent-filter>
106                <action android:name="android.intent.action.MAIN" />
107
108                <category android:name="android.intent.category.LAUNCHER" />
109            </intent-filter>
110            -->
111
112            <meta-data
112-->src/main/AndroidManifest.xml:90:13-92:36
113                android:name="android.app.lib_name"
113-->src/main/AndroidManifest.xml:91:17-52
114                android:value="" />
114-->src/main/AndroidManifest.xml:92:17-33
115        </activity>
116        <activity android:name="com.example.multiroomlocalization.RegistrationActivity" />
116-->src/main/AndroidManifest.xml:94:9-58
116-->src/main/AndroidManifest.xml:94:19-55
117        <activity android:name="com.example.multiroomlocalization.ListMapActivity" />
117-->src/main/AndroidManifest.xml:95:9-53
117-->src/main/AndroidManifest.xml:95:19-50
118        <activity android:name="com.example.multiroomlocalization.ActivityLive" />
118-->src/main/AndroidManifest.xml:96:9-50
118-->src/main/AndroidManifest.xml:96:19-47
119
120        <service
120-->src/main/AndroidManifest.xml:98:9-100:40
121            android:name="com.example.multiroomlocalization.ScanService"
121-->src/main/AndroidManifest.xml:99:13-40
122            android:exported="false" />
122-->src/main/AndroidManifest.xml:100:13-37
123
124        <provider
124-->[com.vanniktech:android-image-cropper:4.5.0] AndroidManifest.xml:23:9-31:20
125            android:name="com.canhub.cropper.CropFileProvider"
125-->[com.vanniktech:android-image-cropper:4.5.0] AndroidManifest.xml:24:13-63
126            android:authorities="com.example.multiroomlocalization.cropper.fileprovider"
126-->[com.vanniktech:android-image-cropper:4.5.0] AndroidManifest.xml:25:13-72
127            android:exported="false"
127-->[com.vanniktech:android-image-cropper:4.5.0] AndroidManifest.xml:26:13-37
128            android:grantUriPermissions="true" >
128-->[com.vanniktech:android-image-cropper:4.5.0] AndroidManifest.xml:27:13-47
129            <meta-data
129-->[com.vanniktech:android-image-cropper:4.5.0] AndroidManifest.xml:28:13-30:62
130                android:name="android.support.FILE_PROVIDER_PATHS"
130-->[com.vanniktech:android-image-cropper:4.5.0] AndroidManifest.xml:29:17-67
131                android:resource="@xml/library_file_paths" />
131-->[com.vanniktech:android-image-cropper:4.5.0] AndroidManifest.xml:30:17-59
132        </provider>
133
134        <activity
134-->[com.vanniktech:android-image-cropper:4.5.0] AndroidManifest.xml:33:9-35:39
135            android:name="com.canhub.cropper.CropImageActivity"
135-->[com.vanniktech:android-image-cropper:4.5.0] AndroidManifest.xml:34:13-64
136            android:exported="true" />
136-->[com.vanniktech:android-image-cropper:4.5.0] AndroidManifest.xml:35:13-36
137
138        <provider
138-->[androidx.emoji2:emoji2:1.2.0] AndroidManifest.xml:24:9-32:20
139            android:name="androidx.startup.InitializationProvider"
139-->[androidx.emoji2:emoji2:1.2.0] AndroidManifest.xml:25:13-67
140            android:authorities="com.example.multiroomlocalization.androidx-startup"
140-->[androidx.emoji2:emoji2:1.2.0] AndroidManifest.xml:26:13-68
141            android:exported="false" >
141-->[androidx.emoji2:emoji2:1.2.0] AndroidManifest.xml:27:13-37
142            <meta-data
142-->[androidx.emoji2:emoji2:1.2.0] AndroidManifest.xml:29:13-31:52
143                android:name="androidx.emoji2.text.EmojiCompatInitializer"
143-->[androidx.emoji2:emoji2:1.2.0] AndroidManifest.xml:30:17-75
144                android:value="androidx.startup" />
144-->[androidx.emoji2:emoji2:1.2.0] AndroidManifest.xml:31:17-49
145            <meta-data
145-->[androidx.lifecycle:lifecycle-process:2.6.1] AndroidManifest.xml:29:13-31:52
146                android:name="androidx.lifecycle.ProcessLifecycleInitializer"
146-->[androidx.lifecycle:lifecycle-process:2.6.1] AndroidManifest.xml:30:17-78
147                android:value="androidx.startup" />
147-->[androidx.lifecycle:lifecycle-process:2.6.1] AndroidManifest.xml:31:17-49
148            <meta-data
148-->[androidx.profileinstaller:profileinstaller:1.3.0] AndroidManifest.xml:29:13-31:52
149                android:name="androidx.profileinstaller.ProfileInstallerInitializer"
149-->[androidx.profileinstaller:profileinstaller:1.3.0] AndroidManifest.xml:30:17-85
150                android:value="androidx.startup" />
150-->[androidx.profileinstaller:profileinstaller:1.3.0] AndroidManifest.xml:31:17-49
151        </provider>
152
153        <uses-library
153-->[androidx.window:window:1.0.0] AndroidManifest.xml:25:9-27:40
154            android:name="androidx.window.extensions"
154-->[androidx.window:window:1.0.0] AndroidManifest.xml:26:13-54
155            android:required="false" />
155-->[androidx.window:window:1.0.0] AndroidManifest.xml:27:13-37
156        <uses-library
156-->[androidx.window:window:1.0.0] AndroidManifest.xml:28:9-30:40
157            android:name="androidx.window.sidecar"
157-->[androidx.window:window:1.0.0] AndroidManifest.xml:29:13-51
158            android:required="false" />
158-->[androidx.window:window:1.0.0] AndroidManifest.xml:30:13-37
159
160        <receiver
160-->[androidx.profileinstaller:profileinstaller:1.3.0] AndroidManifest.xml:34:9-52:20
161            android:name="androidx.profileinstaller.ProfileInstallReceiver"
161-->[androidx.profileinstaller:profileinstaller:1.3.0] AndroidManifest.xml:35:13-76
162            android:directBootAware="false"
162-->[androidx.profileinstaller:profileinstaller:1.3.0] AndroidManifest.xml:36:13-44
163            android:enabled="true"
163-->[androidx.profileinstaller:profileinstaller:1.3.0] AndroidManifest.xml:37:13-35
164            android:exported="true"
164-->[androidx.profileinstaller:profileinstaller:1.3.0] AndroidManifest.xml:38:13-36
165            android:permission="android.permission.DUMP" >
165-->[androidx.profileinstaller:profileinstaller:1.3.0] AndroidManifest.xml:39:13-57
166            <intent-filter>
166-->[androidx.profileinstaller:profileinstaller:1.3.0] AndroidManifest.xml:40:13-42:29
167                <action android:name="androidx.profileinstaller.action.INSTALL_PROFILE" />
167-->[androidx.profileinstaller:profileinstaller:1.3.0] AndroidManifest.xml:41:17-91
167-->[androidx.profileinstaller:profileinstaller:1.3.0] AndroidManifest.xml:41:25-88
168            </intent-filter>
169            <intent-filter>
169-->[androidx.profileinstaller:profileinstaller:1.3.0] AndroidManifest.xml:43:13-45:29
170                <action android:name="androidx.profileinstaller.action.SKIP_FILE" />
170-->[androidx.profileinstaller:profileinstaller:1.3.0] AndroidManifest.xml:44:17-85
170-->[androidx.profileinstaller:profileinstaller:1.3.0] AndroidManifest.xml:44:25-82
171            </intent-filter>
172            <intent-filter>
172-->[androidx.profileinstaller:profileinstaller:1.3.0] AndroidManifest.xml:46:13-48:29
173                <action android:name="androidx.profileinstaller.action.SAVE_PROFILE" />
173-->[androidx.profileinstaller:profileinstaller:1.3.0] AndroidManifest.xml:47:17-88
173-->[androidx.profileinstaller:profileinstaller:1.3.0] AndroidManifest.xml:47:25-85
174            </intent-filter>
175            <intent-filter>
175-->[androidx.profileinstaller:profileinstaller:1.3.0] AndroidManifest.xml:49:13-51:29
176                <action android:name="androidx.profileinstaller.action.BENCHMARK_OPERATION" />
176-->[androidx.profileinstaller:profileinstaller:1.3.0] AndroidManifest.xml:50:17-95
176-->[androidx.profileinstaller:profileinstaller:1.3.0] AndroidManifest.xml:50:25-92
177            </intent-filter>
178        </receiver>
179    </application>
180
181</manifest>